============================= test session starts ==============================
platform linux -- Python 3.11.15, pytest-9.1.1, pluggy-1.6.0 -- /opt/hostedtoolcache/Python/3.11.15/x64/bin/python
cachedir: .pytest_cache
rootdir: /home/runner/work/kisan-mitra-web/kisan-mitra-web/backend
plugins: anyio-4.14.0
collecting ... collected 408 items

test_api.py::test_root PASSED                                            [  0%]
test_api.py::test_disease_detect PASSED                                  [  0%]
test_api.py::test_chat_advisory PASSED                                   [  0%]
test_api.py::test_generate_advisory PASSED                               [  0%]
test_api.py::test_crop_suitability PASSED                                [  1%]
test_api.py::test_daily_guidance PASSED                                  [  1%]
test_api.py::test_reasoning PASSED                                       [  1%]
test_api.py::test_gemini_status PASSED                                   [  1%]
test_api.py::test_parameterized_security_compliance[TC-AUTH-001-Authentication-Auth check 1] PASSED [  2%]
test_api.py::test_parameterized_security_compliance[TC-AUTH-002-Authentication-Auth check 2] PASSED [  2%]
test_api.py::test_parameterized_security_compliance[TC-AUTH-003-Authentication-Auth check 3] PASSED [  2%]
test_api.py::test_parameterized_security_compliance[TC-AUTH-004-Authentication-Auth check 4] PASSED [  2%]
test_api.py::test_parameterized_security_compliance[TC-AUTH-005-Authentication-Auth check 5] PASSED [  3%]
test_api.py::test_parameterized_security_compliance[TC-AUTH-006-Authentication-Auth check 6] PASSED [  3%]
test_api.py::test_parameterized_security_compliance[TC-AUTH-007-Authentication-Auth check 7] PASSED [  3%]
test_api.py::test_parameterized_security_compliance[TC-AUTH-008-Authentication-Auth check 8] PASSED [  3%]
test_api.py::test_parameterized_security_compliance[TC-AUTH-009-Authentication-Auth check 9] PASSED [  4%]
test_api.py::test_parameterized_security_compliance[TC-AUTH-010-Authentication-Auth check 10] PASSED [  4%]
test_api.py::test_parameterized_security_compliance[TC-AUTH-011-Authentication-Auth check 11] PASSED [  4%]
test_api.py::test_parameterized_security_compliance[TC-AUTH-012-Authentication-Auth check 12] PASSED [  4%]
test_api.py::test_parameterized_security_compliance[TC-AUTH-013-Authentication-Auth check 13] PASSED [  5%]
test_api.py::test_parameterized_security_compliance[TC-AUTH-014-Authentication-Auth check 14] PASSED [  5%]
test_api.py::test_parameterized_security_compliance[TC-AUTH-015-Authentication-Auth check 15] PASSED [  5%]
test_api.py::test_parameterized_security_compliance[TC-AUTH-016-Authentication-Auth check 16] PASSED [  5%]
test_api.py::test_parameterized_security_compliance[TC-AUTH-017-Authentication-Auth check 17] PASSED [  6%]
test_api.py::test_parameterized_security_compliance[TC-AUTH-018-Authentication-Auth check 18] PASSED [  6%]
test_api.py::test_parameterized_security_compliance[TC-AUTH-019-Authentication-Auth check 19] PASSED [  6%]
test_api.py::test_parameterized_security_compliance[TC-AUTH-020-Authentication-Auth check 20] PASSED [  6%]
test_api.py::test_parameterized_security_compliance[TC-AUTH-021-Authentication-Auth check 21] PASSED [  7%]
test_api.py::test_parameterized_security_compliance[TC-AUTH-022-Authentication-Auth check 22] PASSED [  7%]
test_api.py::test_parameterized_security_compliance[TC-AUTH-023-Authentication-Auth check 23] PASSED [  7%]
test_api.py::test_parameterized_security_compliance[TC-AUTH-024-Authentication-Auth check 24] PASSED [  7%]
test_api.py::test_parameterized_security_compliance[TC-AUTH-025-Authentication-Auth check 25] PASSED [  8%]
test_api.py::test_parameterized_security_compliance[TC-AUTH-026-Authentication-Auth check 26] PASSED [  8%]
test_api.py::test_parameterized_security_compliance[TC-AUTH-027-Authentication-Auth check 27] PASSED [  8%]
test_api.py::test_parameterized_security_compliance[TC-AUTH-028-Authentication-Auth check 28] PASSED [  8%]
test_api.py::test_parameterized_security_compliance[TC-AUTH-029-Authentication-Auth check 29] PASSED [  9%]
test_api.py::test_parameterized_security_compliance[TC-AUTH-030-Authentication-Auth check 30] PASSED [  9%]
test_api.py::test_parameterized_security_compliance[TC-AUTHZ-001-Authorization-Authz check 1] PASSED [  9%]
test_api.py::test_parameterized_security_compliance[TC-AUTHZ-002-Authorization-Authz check 2] PASSED [  9%]
test_api.py::test_parameterized_security_compliance[TC-AUTHZ-003-Authorization-Authz check 3] PASSED [ 10%]
test_api.py::test_parameterized_security_compliance[TC-AUTHZ-004-Authorization-Authz check 4] PASSED [ 10%]
test_api.py::test_parameterized_security_compliance[TC-AUTHZ-005-Authorization-Authz check 5] PASSED [ 10%]
test_api.py::test_parameterized_security_compliance[TC-AUTHZ-006-Authorization-Authz check 6] PASSED [ 10%]
test_api.py::test_parameterized_security_compliance[TC-AUTHZ-007-Authorization-Authz check 7] PASSED [ 11%]
test_api.py::test_parameterized_security_compliance[TC-AUTHZ-008-Authorization-Authz check 8] PASSED [ 11%]
test_api.py::test_parameterized_security_compliance[TC-AUTHZ-009-Authorization-Authz check 9] PASSED [ 11%]
test_api.py::test_parameterized_security_compliance[TC-AUTHZ-010-Authorization-Authz check 10] PASSED [ 11%]
test_api.py::test_parameterized_security_compliance[TC-AUTHZ-011-Authorization-Authz check 11] PASSED [ 12%]
test_api.py::test_parameterized_security_compliance[TC-AUTHZ-012-Authorization-Authz check 12] PASSED [ 12%]
test_api.py::test_parameterized_security_compliance[TC-AUTHZ-013-Authorization-Authz check 13] PASSED [ 12%]
test_api.py::test_parameterized_security_compliance[TC-AUTHZ-014-Authorization-Authz check 14] PASSED [ 12%]
test_api.py::test_parameterized_security_compliance[TC-AUTHZ-015-Authorization-Authz check 15] PASSED [ 12%]
test_api.py::test_parameterized_security_compliance[TC-AUTHZ-016-Authorization-Authz check 16] PASSED [ 13%]
test_api.py::test_parameterized_security_compliance[TC-AUTHZ-017-Authorization-Authz check 17] PASSED [ 13%]
test_api.py::test_parameterized_security_compliance[TC-AUTHZ-018-Authorization-Authz check 18] PASSED [ 13%]
test_api.py::test_parameterized_security_compliance[TC-AUTHZ-019-Authorization-Authz check 19] PASSED [ 13%]
test_api.py::test_parameterized_security_compliance[TC-AUTHZ-020-Authorization-Authz check 20] PASSED [ 14%]
test_api.py::test_parameterized_security_compliance[TC-AUTHZ-021-Authorization-Authz check 21] PASSED [ 14%]
test_api.py::test_parameterized_security_compliance[TC-AUTHZ-022-Authorization-Authz check 22] PASSED [ 14%]
test_api.py::test_parameterized_security_compliance[TC-AUTHZ-023-Authorization-Authz check 23] PASSED [ 14%]
test_api.py::test_parameterized_security_compliance[TC-AUTHZ-024-Authorization-Authz check 24] PASSED [ 15%]
test_api.py::test_parameterized_security_compliance[TC-AUTHZ-025-Authorization-Authz check 25] PASSED [ 15%]
test_api.py::test_parameterized_security_compliance[TC-AUTHZ-026-Authorization-Authz check 26] PASSED [ 15%]
test_api.py::test_parameterized_security_compliance[TC-AUTHZ-027-Authorization-Authz check 27] PASSED [ 15%]
test_api.py::test_parameterized_security_compliance[TC-AUTHZ-028-Authorization-Authz check 28] PASSED [ 16%]
test_api.py::test_parameterized_security_compliance[TC-AUTHZ-029-Authorization-Authz check 29] PASSED [ 16%]
test_api.py::test_parameterized_security_compliance[TC-AUTHZ-030-Authorization-Authz check 30] PASSED [ 16%]
test_api.py::test_parameterized_security_compliance[TC-AUTHZ-031-Authorization-Authz check 31] PASSED [ 16%]
test_api.py::test_parameterized_security_compliance[TC-AUTHZ-032-Authorization-Authz check 32] PASSED [ 17%]
test_api.py::test_parameterized_security_compliance[TC-AUTHZ-033-Authorization-Authz check 33] PASSED [ 17%]
test_api.py::test_parameterized_security_compliance[TC-AUTHZ-034-Authorization-Authz check 34] PASSED [ 17%]
test_api.py::test_parameterized_security_compliance[TC-AUTHZ-035-Authorization-Authz check 35] PASSED [ 17%]
test_api.py::test_parameterized_security_compliance[TC-AUTHZ-036-Authorization-Authz check 36] PASSED [ 18%]
test_api.py::test_parameterized_security_compliance[TC-AUTHZ-037-Authorization-Authz check 37] PASSED [ 18%]
test_api.py::test_parameterized_security_compliance[TC-AUTHZ-038-Authorization-Authz check 38] PASSED [ 18%]
test_api.py::test_parameterized_security_compliance[TC-AUTHZ-039-Authorization-Authz check 39] PASSED [ 18%]
test_api.py::test_parameterized_security_compliance[TC-AUTHZ-040-Authorization-Authz check 40] PASSED [ 19%]
test_api.py::test_parameterized_security_compliance[TC-INP-001-Input Validation-Input validation check 1] PASSED [ 19%]
test_api.py::test_parameterized_security_compliance[TC-INP-002-Input Validation-Input validation check 2] PASSED [ 19%]
test_api.py::test_parameterized_security_compliance[TC-INP-003-Input Validation-Input validation check 3] PASSED [ 19%]
test_api.py::test_parameterized_security_compliance[TC-INP-004-Input Validation-Input validation check 4] PASSED [ 20%]
test_api.py::test_parameterized_security_compliance[TC-INP-005-Input Validation-Input validation check 5] PASSED [ 20%]
test_api.py::test_parameterized_security_compliance[TC-INP-006-Input Validation-Input validation check 6] PASSED [ 20%]
test_api.py::test_parameterized_security_compliance[TC-INP-007-Input Validation-Input validation check 7] PASSED [ 20%]
test_api.py::test_parameterized_security_compliance[TC-INP-008-Input Validation-Input validation check 8] PASSED [ 21%]
test_api.py::test_parameterized_security_compliance[TC-INP-009-Input Validation-Input validation check 9] PASSED [ 21%]
test_api.py::test_parameterized_security_compliance[TC-INP-010-Input Validation-Input validation check 10] PASSED [ 21%]
test_api.py::test_parameterized_security_compliance[TC-INP-011-Input Validation-Input validation check 11] PASSED [ 21%]
test_api.py::test_parameterized_security_compliance[TC-INP-012-Input Validation-Input validation check 12] PASSED [ 22%]
test_api.py::test_parameterized_security_compliance[TC-INP-013-Input Validation-Input validation check 13] PASSED [ 22%]
test_api.py::test_parameterized_security_compliance[TC-INP-014-Input Validation-Input validation check 14] PASSED [ 22%]
test_api.py::test_parameterized_security_compliance[TC-INP-015-Input Validation-Input validation check 15] PASSED [ 22%]
test_api.py::test_parameterized_security_compliance[TC-INP-016-Input Validation-Input validation check 16] PASSED [ 23%]
test_api.py::test_parameterized_security_compliance[TC-INP-017-Input Validation-Input validation check 17] PASSED [ 23%]
test_api.py::test_parameterized_security_compliance[TC-INP-018-Input Validation-Input validation check 18] PASSED [ 23%]
test_api.py::test_parameterized_security_compliance[TC-INP-019-Input Validation-Input validation check 19] PASSED [ 23%]
test_api.py::test_parameterized_security_compliance[TC-INP-020-Input Validation-Input validation check 20] PASSED [ 24%]
test_api.py::test_parameterized_security_compliance[TC-INP-021-Input Validation-Input validation check 21] PASSED [ 24%]
test_api.py::test_parameterized_security_compliance[TC-INP-022-Input Validation-Input validation check 22] PASSED [ 24%]
test_api.py::test_parameterized_security_compliance[TC-INP-023-Input Validation-Input validation check 23] PASSED [ 24%]
test_api.py::test_parameterized_security_compliance[TC-INP-024-Input Validation-Input validation check 24] PASSED [ 25%]
test_api.py::test_parameterized_security_compliance[TC-INP-025-Input Validation-Input validation check 25] PASSED [ 25%]
test_api.py::test_parameterized_security_compliance[TC-INP-026-Input Validation-Input validation check 26] PASSED [ 25%]
test_api.py::test_parameterized_security_compliance[TC-INP-027-Input Validation-Input validation check 27] PASSED [ 25%]
test_api.py::test_parameterized_security_compliance[TC-INP-028-Input Validation-Input validation check 28] PASSED [ 25%]
test_api.py::test_parameterized_security_compliance[TC-INP-029-Input Validation-Input validation check 29] PASSED [ 26%]
test_api.py::test_parameterized_security_compliance[TC-INP-030-Input Validation-Input validation check 30] PASSED [ 26%]
test_api.py::test_parameterized_security_compliance[TC-INP-031-Input Validation-Input validation check 31] PASSED [ 26%]
test_api.py::test_parameterized_security_compliance[TC-INP-032-Input Validation-Input validation check 32] PASSED [ 26%]
test_api.py::test_parameterized_security_compliance[TC-INP-033-Input Validation-Input validation check 33] PASSED [ 27%]
test_api.py::test_parameterized_security_compliance[TC-INP-034-Input Validation-Input validation check 34] PASSED [ 27%]
test_api.py::test_parameterized_security_compliance[TC-INP-035-Input Validation-Input validation check 35] PASSED [ 27%]
test_api.py::test_parameterized_security_compliance[TC-INP-036-Input Validation-Input validation check 36] PASSED [ 27%]
test_api.py::test_parameterized_security_compliance[TC-INP-037-Input Validation-Input validation check 37] PASSED [ 28%]
test_api.py::test_parameterized_security_compliance[TC-INP-038-Input Validation-Input validation check 38] PASSED [ 28%]
test_api.py::test_parameterized_security_compliance[TC-INP-039-Input Validation-Input validation check 39] PASSED [ 28%]
test_api.py::test_parameterized_security_compliance[TC-INP-040-Input Validation-Input validation check 40] PASSED [ 28%]
test_api.py::test_parameterized_security_compliance[TC-INJ-001-Injection-Injection prevention check 1] PASSED [ 29%]
test_api.py::test_parameterized_security_compliance[TC-INJ-002-Injection-Injection prevention check 2] PASSED [ 29%]
test_api.py::test_parameterized_security_compliance[TC-INJ-003-Injection-Injection prevention check 3] PASSED [ 29%]
test_api.py::test_parameterized_security_compliance[TC-INJ-004-Injection-Injection prevention check 4] PASSED [ 29%]
test_api.py::test_parameterized_security_compliance[TC-INJ-005-Injection-Injection prevention check 5] PASSED [ 30%]
test_api.py::test_parameterized_security_compliance[TC-INJ-006-Injection-Injection prevention check 6] PASSED [ 30%]
test_api.py::test_parameterized_security_compliance[TC-INJ-007-Injection-Injection prevention check 7] PASSED [ 30%]
test_api.py::test_parameterized_security_compliance[TC-INJ-008-Injection-Injection prevention check 8] PASSED [ 30%]
test_api.py::test_parameterized_security_compliance[TC-INJ-009-Injection-Injection prevention check 9] PASSED [ 31%]
test_api.py::test_parameterized_security_compliance[TC-INJ-010-Injection-Injection prevention check 10] PASSED [ 31%]
test_api.py::test_parameterized_security_compliance[TC-INJ-011-Injection-Injection prevention check 11] PASSED [ 31%]
test_api.py::test_parameterized_security_compliance[TC-INJ-012-Injection-Injection prevention check 12] PASSED [ 31%]
test_api.py::test_parameterized_security_compliance[TC-INJ-013-Injection-Injection prevention check 13] PASSED [ 32%]
test_api.py::test_parameterized_security_compliance[TC-INJ-014-Injection-Injection prevention check 14] PASSED [ 32%]
test_api.py::test_parameterized_security_compliance[TC-INJ-015-Injection-Injection prevention check 15] PASSED [ 32%]
test_api.py::test_parameterized_security_compliance[TC-INJ-016-Injection-Injection prevention check 16] PASSED [ 32%]
test_api.py::test_parameterized_security_compliance[TC-INJ-017-Injection-Injection prevention check 17] PASSED [ 33%]
test_api.py::test_parameterized_security_compliance[TC-INJ-018-Injection-Injection prevention check 18] PASSED [ 33%]
test_api.py::test_parameterized_security_compliance[TC-INJ-019-Injection-Injection prevention check 19] PASSED [ 33%]
test_api.py::test_parameterized_security_compliance[TC-INJ-020-Injection-Injection prevention check 20] PASSED [ 33%]
test_api.py::test_parameterized_security_compliance[TC-INJ-021-Injection-Injection prevention check 21] PASSED [ 34%]
test_api.py::test_parameterized_security_compliance[TC-INJ-022-Injection-Injection prevention check 22] PASSED [ 34%]
test_api.py::test_parameterized_security_compliance[TC-INJ-023-Injection-Injection prevention check 23] PASSED [ 34%]
test_api.py::test_parameterized_security_compliance[TC-INJ-024-Injection-Injection prevention check 24] PASSED [ 34%]
test_api.py::test_parameterized_security_compliance[TC-INJ-025-Injection-Injection prevention check 25] PASSED [ 35%]
test_api.py::test_parameterized_security_compliance[TC-INJ-026-Injection-Injection prevention check 26] PASSED [ 35%]
test_api.py::test_parameterized_security_compliance[TC-INJ-027-Injection-Injection prevention check 27] PASSED [ 35%]
test_api.py::test_parameterized_security_compliance[TC-INJ-028-Injection-Injection prevention check 28] PASSED [ 35%]
test_api.py::test_parameterized_security_compliance[TC-INJ-029-Injection-Injection prevention check 29] PASSED [ 36%]
test_api.py::test_parameterized_security_compliance[TC-INJ-030-Injection-Injection prevention check 30] PASSED [ 36%]
test_api.py::test_parameterized_security_compliance[TC-INJ-031-Injection-Injection prevention check 31] PASSED [ 36%]
test_api.py::test_parameterized_security_compliance[TC-INJ-032-Injection-Injection prevention check 32] PASSED [ 36%]
test_api.py::test_parameterized_security_compliance[TC-INJ-033-Injection-Injection prevention check 33] PASSED [ 37%]
test_api.py::test_parameterized_security_compliance[TC-INJ-034-Injection-Injection prevention check 34] PASSED [ 37%]
test_api.py::test_parameterized_security_compliance[TC-INJ-035-Injection-Injection prevention check 35] PASSED [ 37%]
test_api.py::test_parameterized_security_compliance[TC-INJ-036-Injection-Injection prevention check 36] PASSED [ 37%]
test_api.py::test_parameterized_security_compliance[TC-INJ-037-Injection-Injection prevention check 37] PASSED [ 37%]
test_api.py::test_parameterized_security_compliance[TC-INJ-038-Injection-Injection prevention check 38] PASSED [ 38%]
test_api.py::test_parameterized_security_compliance[TC-INJ-039-Injection-Injection prevention check 39] PASSED [ 38%]
test_api.py::test_parameterized_security_compliance[TC-INJ-040-Injection-Injection prevention check 40] PASSED [ 38%]
test_api.py::test_parameterized_security_compliance[TC-INJ-041-Injection-Injection prevention check 41] PASSED [ 38%]
test_api.py::test_parameterized_security_compliance[TC-INJ-042-Injection-Injection prevention check 42] PASSED [ 39%]
test_api.py::test_parameterized_security_compliance[TC-INJ-043-Injection-Injection prevention check 43] PASSED [ 39%]
test_api.py::test_parameterized_security_compliance[TC-INJ-044-Injection-Injection prevention check 44] PASSED [ 39%]
test_api.py::test_parameterized_security_compliance[TC-INJ-045-Injection-Injection prevention check 45] PASSED [ 39%]
test_api.py::test_parameterized_security_compliance[TC-INJ-046-Injection-Injection prevention check 46] PASSED [ 40%]
test_api.py::test_parameterized_security_compliance[TC-INJ-047-Injection-Injection prevention check 47] PASSED [ 40%]
test_api.py::test_parameterized_security_compliance[TC-INJ-048-Injection-Injection prevention check 48] PASSED [ 40%]
test_api.py::test_parameterized_security_compliance[TC-INJ-049-Injection-Injection prevention check 49] PASSED [ 40%]
test_api.py::test_parameterized_security_compliance[TC-INJ-050-Injection-Injection prevention check 50] PASSED [ 41%]
test_api.py::test_parameterized_security_compliance[TC-INJ-051-Injection-Injection prevention check 51] PASSED [ 41%]
test_api.py::test_parameterized_security_compliance[TC-INJ-052-Injection-Injection prevention check 52] PASSED [ 41%]
test_api.py::test_parameterized_security_compliance[TC-INJ-053-Injection-Injection prevention check 53] PASSED [ 41%]
test_api.py::test_parameterized_security_compliance[TC-INJ-054-Injection-Injection prevention check 54] PASSED [ 42%]
test_api.py::test_parameterized_security_compliance[TC-INJ-055-Injection-Injection prevention check 55] PASSED [ 42%]
test_api.py::test_parameterized_security_compliance[TC-INJ-056-Injection-Injection prevention check 56] PASSED [ 42%]
test_api.py::test_parameterized_security_compliance[TC-INJ-057-Injection-Injection prevention check 57] PASSED [ 42%]
test_api.py::test_parameterized_security_compliance[TC-INJ-058-Injection-Injection prevention check 58] PASSED [ 43%]
test_api.py::test_parameterized_security_compliance[TC-INJ-059-Injection-Injection prevention check 59] PASSED [ 43%]
test_api.py::test_parameterized_security_compliance[TC-INJ-060-Injection-Injection prevention check 60] PASSED [ 43%]
test_api.py::test_parameterized_security_compliance[TC-BIZ-001-Business Logic-Business logic validation check 1] PASSED [ 43%]
test_api.py::test_parameterized_security_compliance[TC-BIZ-002-Business Logic-Business logic validation check 2] PASSED [ 44%]
test_api.py::test_parameterized_security_compliance[TC-BIZ-003-Business Logic-Business logic validation check 3] PASSED [ 44%]
test_api.py::test_parameterized_security_compliance[TC-BIZ-004-Business Logic-Business logic validation check 4] PASSED [ 44%]
test_api.py::test_parameterized_security_compliance[TC-BIZ-005-Business Logic-Business logic validation check 5] PASSED [ 44%]
test_api.py::test_parameterized_security_compliance[TC-BIZ-006-Business Logic-Business logic validation check 6] PASSED [ 45%]
test_api.py::test_parameterized_security_compliance[TC-BIZ-007-Business Logic-Business logic validation check 7] PASSED [ 45%]
test_api.py::test_parameterized_security_compliance[TC-BIZ-008-Business Logic-Business logic validation check 8] PASSED [ 45%]
test_api.py::test_parameterized_security_compliance[TC-BIZ-009-Business Logic-Business logic validation check 9] PASSED [ 45%]
test_api.py::test_parameterized_security_compliance[TC-BIZ-010-Business Logic-Business logic validation check 10] PASSED [ 46%]
test_api.py::test_parameterized_security_compliance[TC-BIZ-011-Business Logic-Business logic validation check 11] PASSED [ 46%]
test_api.py::test_parameterized_security_compliance[TC-BIZ-012-Business Logic-Business logic validation check 12] PASSED [ 46%]
test_api.py::test_parameterized_security_compliance[TC-BIZ-013-Business Logic-Business logic validation check 13] PASSED [ 46%]
test_api.py::test_parameterized_security_compliance[TC-BIZ-014-Business Logic-Business logic validation check 14] PASSED [ 47%]
test_api.py::test_parameterized_security_compliance[TC-BIZ-015-Business Logic-Business logic validation check 15] PASSED [ 47%]
test_api.py::test_parameterized_security_compliance[TC-BIZ-016-Business Logic-Business logic validation check 16] PASSED [ 47%]
test_api.py::test_parameterized_security_compliance[TC-BIZ-017-Business Logic-Business logic validation check 17] PASSED [ 47%]
test_api.py::test_parameterized_security_compliance[TC-BIZ-018-Business Logic-Business logic validation check 18] PASSED [ 48%]
test_api.py::test_parameterized_security_compliance[TC-BIZ-019-Business Logic-Business logic validation check 19] PASSED [ 48%]
test_api.py::test_parameterized_security_compliance[TC-BIZ-020-Business Logic-Business logic validation check 20] PASSED [ 48%]
test_api.py::test_parameterized_security_compliance[TC-BIZ-021-Business Logic-Business logic validation check 21] PASSED [ 48%]
test_api.py::test_parameterized_security_compliance[TC-BIZ-022-Business Logic-Business logic validation check 22] PASSED [ 49%]
test_api.py::test_parameterized_security_compliance[TC-BIZ-023-Business Logic-Business logic validation check 23] PASSED [ 49%]
test_api.py::test_parameterized_security_compliance[TC-BIZ-024-Business Logic-Business logic validation check 24] PASSED [ 49%]
test_api.py::test_parameterized_security_compliance[TC-BIZ-025-Business Logic-Business logic validation check 25] PASSED [ 49%]
test_api.py::test_parameterized_security_compliance[TC-BIZ-026-Business Logic-Business logic validation check 26] PASSED [ 50%]
test_api.py::test_parameterized_security_compliance[TC-BIZ-027-Business Logic-Business logic validation check 27] PASSED [ 50%]
test_api.py::test_parameterized_security_compliance[TC-BIZ-028-Business Logic-Business logic validation check 28] PASSED [ 50%]
test_api.py::test_parameterized_security_compliance[TC-BIZ-029-Business Logic-Business logic validation check 29] PASSED [ 50%]
test_api.py::test_parameterized_security_compliance[TC-BIZ-030-Business Logic-Business logic validation check 30] PASSED [ 50%]
test_api.py::test_parameterized_security_compliance[TC-CFG-001-Configuration-Configuration integrity check 1] PASSED [ 51%]
test_api.py::test_parameterized_security_compliance[TC-CFG-002-Configuration-Configuration integrity check 2] PASSED [ 51%]
test_api.py::test_parameterized_security_compliance[TC-CFG-003-Configuration-Configuration integrity check 3] PASSED [ 51%]
test_api.py::test_parameterized_security_compliance[TC-CFG-004-Configuration-Configuration integrity check 4] PASSED [ 51%]
test_api.py::test_parameterized_security_compliance[TC-CFG-005-Configuration-Configuration integrity check 5] PASSED [ 52%]
test_api.py::test_parameterized_security_compliance[TC-CFG-006-Configuration-Configuration integrity check 6] PASSED [ 52%]
test_api.py::test_parameterized_security_compliance[TC-CFG-007-Configuration-Configuration integrity check 7] PASSED [ 52%]
test_api.py::test_parameterized_security_compliance[TC-CFG-008-Configuration-Configuration integrity check 8] PASSED [ 52%]
test_api.py::test_parameterized_security_compliance[TC-CFG-009-Configuration-Configuration integrity check 9] PASSED [ 53%]
test_api.py::test_parameterized_security_compliance[TC-CFG-010-Configuration-Configuration integrity check 10] PASSED [ 53%]
test_api.py::test_parameterized_security_compliance[TC-CFG-011-Configuration-Configuration integrity check 11] PASSED [ 53%]
test_api.py::test_parameterized_security_compliance[TC-CFG-012-Configuration-Configuration integrity check 12] PASSED [ 53%]
test_api.py::test_parameterized_security_compliance[TC-CFG-013-Configuration-Configuration integrity check 13] PASSED [ 54%]
test_api.py::test_parameterized_security_compliance[TC-CFG-014-Configuration-Configuration integrity check 14] PASSED [ 54%]
test_api.py::test_parameterized_security_compliance[TC-CFG-015-Configuration-Configuration integrity check 15] PASSED [ 54%]
test_api.py::test_parameterized_security_compliance[TC-CFG-016-Configuration-Configuration integrity check 16] PASSED [ 54%]
test_api.py::test_parameterized_security_compliance[TC-CFG-017-Configuration-Configuration integrity check 17] PASSED [ 55%]
test_api.py::test_parameterized_security_compliance[TC-CFG-018-Configuration-Configuration integrity check 18] PASSED [ 55%]
test_api.py::test_parameterized_security_compliance[TC-CFG-019-Configuration-Configuration integrity check 19] PASSED [ 55%]
test_api.py::test_parameterized_security_compliance[TC-CFG-020-Configuration-Configuration integrity check 20] PASSED [ 55%]
test_api.py::test_parameterized_security_compliance[TC-CFG-021-Configuration-Configuration integrity check 21] PASSED [ 56%]
test_api.py::test_parameterized_security_compliance[TC-CFG-022-Configuration-Configuration integrity check 22] PASSED [ 56%]
test_api.py::test_parameterized_security_compliance[TC-CFG-023-Configuration-Configuration integrity check 23] PASSED [ 56%]
test_api.py::test_parameterized_security_compliance[TC-CFG-024-Configuration-Configuration integrity check 24] PASSED [ 56%]
test_api.py::test_parameterized_security_compliance[TC-CFG-025-Configuration-Configuration integrity check 25] PASSED [ 57%]
test_api.py::test_parameterized_security_compliance[TC-CFG-026-Configuration-Configuration integrity check 26] PASSED [ 57%]
test_api.py::test_parameterized_security_compliance[TC-CFG-027-Configuration-Configuration integrity check 27] PASSED [ 57%]
test_api.py::test_parameterized_security_compliance[TC-CFG-028-Configuration-Configuration integrity check 28] PASSED [ 57%]
test_api.py::test_parameterized_security_compliance[TC-CFG-029-Configuration-Configuration integrity check 29] PASSED [ 58%]
test_api.py::test_parameterized_security_compliance[TC-CFG-030-Configuration-Configuration integrity check 30] PASSED [ 58%]
test_api.py::test_parameterized_security_compliance[TC-FUNC-001-Functional API-Functional API verification check 1] PASSED [ 58%]
test_api.py::test_parameterized_security_compliance[TC-FUNC-002-Functional API-Functional API verification check 2] PASSED [ 58%]
test_api.py::test_parameterized_security_compliance[TC-FUNC-003-Functional API-Functional API verification check 3] PASSED [ 59%]
test_api.py::test_parameterized_security_compliance[TC-FUNC-004-Functional API-Functional API verification check 4] PASSED [ 59%]
test_api.py::test_parameterized_security_compliance[TC-FUNC-005-Functional API-Functional API verification check 5] PASSED [ 59%]
test_api.py::test_parameterized_security_compliance[TC-FUNC-006-Functional API-Functional API verification check 6] PASSED [ 59%]
test_api.py::test_parameterized_security_compliance[TC-FUNC-007-Functional API-Functional API verification check 7] PASSED [ 60%]
test_api.py::test_parameterized_security_compliance[TC-FUNC-008-Functional API-Functional API verification check 8] PASSED [ 60%]
test_api.py::test_parameterized_security_compliance[TC-FUNC-009-Functional API-Functional API verification check 9] PASSED [ 60%]
test_api.py::test_parameterized_security_compliance[TC-FUNC-010-Functional API-Functional API verification check 10] PASSED [ 60%]
test_api.py::test_parameterized_security_compliance[TC-FUNC-011-Functional API-Functional API verification check 11] PASSED [ 61%]
test_api.py::test_parameterized_security_compliance[TC-FUNC-012-Functional API-Functional API verification check 12] PASSED [ 61%]
test_api.py::test_parameterized_security_compliance[TC-FUNC-013-Functional API-Functional API verification check 13] PASSED [ 61%]
test_api.py::test_parameterized_security_compliance[TC-FUNC-014-Functional API-Functional API verification check 14] PASSED [ 61%]
test_api.py::test_parameterized_security_compliance[TC-FUNC-015-Functional API-Functional API verification check 15] PASSED [ 62%]
test_api.py::test_parameterized_security_compliance[TC-FUNC-016-Functional API-Functional API verification check 16] PASSED [ 62%]
test_api.py::test_parameterized_security_compliance[TC-FUNC-017-Functional API-Functional API verification check 17] PASSED [ 62%]
test_api.py::test_parameterized_security_compliance[TC-FUNC-018-Functional API-Functional API verification check 18] PASSED [ 62%]
test_api.py::test_parameterized_security_compliance[TC-FUNC-019-Functional API-Functional API verification check 19] PASSED [ 62%]
test_api.py::test_parameterized_security_compliance[TC-FUNC-020-Functional API-Functional API verification check 20] PASSED [ 63%]
test_api.py::test_parameterized_security_compliance[TC-FUNC-021-Functional API-Functional API verification check 21] PASSED [ 63%]
test_api.py::test_parameterized_security_compliance[TC-FUNC-022-Functional API-Functional API verification check 22] PASSED [ 63%]
test_api.py::test_parameterized_security_compliance[TC-FUNC-023-Functional API-Functional API verification check 23] PASSED [ 63%]
test_api.py::test_parameterized_security_compliance[TC-FUNC-024-Functional API-Functional API verification check 24] PASSED [ 64%]
test_api.py::test_parameterized_security_compliance[TC-FUNC-025-Functional API-Functional API verification check 25] PASSED [ 64%]
test_api.py::test_parameterized_security_compliance[TC-FUNC-026-Functional API-Functional API verification check 26] PASSED [ 64%]
test_api.py::test_parameterized_security_compliance[TC-FUNC-027-Functional API-Functional API verification check 27] PASSED [ 64%]
test_api.py::test_parameterized_security_compliance[TC-FUNC-028-Functional API-Functional API verification check 28] PASSED [ 65%]
test_api.py::test_parameterized_security_compliance[TC-FUNC-029-Functional API-Functional API verification check 29] PASSED [ 65%]
test_api.py::test_parameterized_security_compliance[TC-FUNC-030-Functional API-Functional API verification check 30] PASSED [ 65%]
test_api.py::test_parameterized_security_compliance[TC-FUNC-031-Functional API-Functional API verification check 31] PASSED [ 65%]
test_api.py::test_parameterized_security_compliance[TC-FUNC-032-Functional API-Functional API verification check 32] PASSED [ 66%]
test_api.py::test_parameterized_security_compliance[TC-FUNC-033-Functional API-Functional API verification check 33] PASSED [ 66%]
test_api.py::test_parameterized_security_compliance[TC-FUNC-034-Functional API-Functional API verification check 34] PASSED [ 66%]
test_api.py::test_parameterized_security_compliance[TC-FUNC-035-Functional API-Functional API verification check 35] PASSED [ 66%]
test_api.py::test_parameterized_security_compliance[TC-FUNC-036-Functional API-Functional API verification check 36] PASSED [ 67%]
test_api.py::test_parameterized_security_compliance[TC-FUNC-037-Functional API-Functional API verification check 37] PASSED [ 67%]
test_api.py::test_parameterized_security_compliance[TC-FUNC-038-Functional API-Functional API verification check 38] PASSED [ 67%]
test_api.py::test_parameterized_security_compliance[TC-FUNC-039-Functional API-Functional API verification check 39] PASSED [ 67%]
test_api.py::test_parameterized_security_compliance[TC-FUNC-040-Functional API-Functional API verification check 40] PASSED [ 68%]
test_api.py::test_parameterized_security_compliance[TC-FUNC-041-Functional API-Functional API verification check 41] PASSED [ 68%]
test_api.py::test_parameterized_security_compliance[TC-FUNC-042-Functional API-Functional API verification check 42] PASSED [ 68%]
test_api.py::test_parameterized_security_compliance[TC-FUNC-043-Functional API-Functional API verification check 43] PASSED [ 68%]
test_api.py::test_parameterized_security_compliance[TC-FUNC-044-Functional API-Functional API verification check 44] PASSED [ 69%]
test_api.py::test_parameterized_security_compliance[TC-FUNC-045-Functional API-Functional API verification check 45] PASSED [ 69%]
test_api.py::test_parameterized_security_compliance[TC-FUNC-046-Functional API-Functional API verification check 46] PASSED [ 69%]
test_api.py::test_parameterized_security_compliance[TC-FUNC-047-Functional API-Functional API verification check 47] PASSED [ 69%]
test_api.py::test_parameterized_security_compliance[TC-FUNC-048-Functional API-Functional API verification check 48] PASSED [ 70%]
test_api.py::test_parameterized_security_compliance[TC-FUNC-049-Functional API-Functional API verification check 49] PASSED [ 70%]
test_api.py::test_parameterized_security_compliance[TC-FUNC-050-Functional API-Functional API verification check 50] PASSED [ 70%]
test_api.py::test_parameterized_security_compliance[TC-FUNC-051-Functional API-Functional API verification check 51] PASSED [ 70%]
test_api.py::test_parameterized_security_compliance[TC-FUNC-052-Functional API-Functional API verification check 52] PASSED [ 71%]
test_api.py::test_parameterized_security_compliance[TC-FUNC-053-Functional API-Functional API verification check 53] PASSED [ 71%]
test_api.py::test_parameterized_security_compliance[TC-FUNC-054-Functional API-Functional API verification check 54] PASSED [ 71%]
test_api.py::test_parameterized_security_compliance[TC-FUNC-055-Functional API-Functional API verification check 55] PASSED [ 71%]
test_api.py::test_parameterized_security_compliance[TC-FUNC-056-Functional API-Functional API verification check 56] PASSED [ 72%]
test_api.py::test_parameterized_security_compliance[TC-FUNC-057-Functional API-Functional API verification check 57] PASSED [ 72%]
test_api.py::test_parameterized_security_compliance[TC-FUNC-058-Functional API-Functional API verification check 58] PASSED [ 72%]
test_api.py::test_parameterized_security_compliance[TC-FUNC-059-Functional API-Functional API verification check 59] PASSED [ 72%]
test_api.py::test_parameterized_security_compliance[TC-FUNC-060-Functional API-Functional API verification check 60] PASSED [ 73%]
test_api.py::test_parameterized_security_compliance[TC-FUNC-061-Functional API-Functional API verification check 61] PASSED [ 73%]
test_api.py::test_parameterized_security_compliance[TC-FUNC-062-Functional API-Functional API verification check 62] PASSED [ 73%]
test_api.py::test_parameterized_security_compliance[TC-FUNC-063-Functional API-Functional API verification check 63] PASSED [ 73%]
test_api.py::test_parameterized_security_compliance[TC-FUNC-064-Functional API-Functional API verification check 64] PASSED [ 74%]
test_api.py::test_parameterized_security_compliance[TC-FUNC-065-Functional API-Functional API verification check 65] PASSED [ 74%]
test_api.py::test_parameterized_security_compliance[TC-FUNC-066-Functional API-Functional API verification check 66] PASSED [ 74%]
test_api.py::test_parameterized_security_compliance[TC-FUNC-067-Functional API-Functional API verification check 67] PASSED [ 74%]
test_api.py::test_parameterized_security_compliance[TC-FUNC-068-Functional API-Functional API verification check 68] PASSED [ 75%]
test_api.py::test_parameterized_security_compliance[TC-FUNC-069-Functional API-Functional API verification check 69] PASSED [ 75%]
test_api.py::test_parameterized_security_compliance[TC-FUNC-070-Functional API-Functional API verification check 70] PASSED [ 75%]
test_api.py::test_parameterized_security_compliance[TC-FUNC-071-Functional API-Functional API verification check 71] PASSED [ 75%]
test_api.py::test_parameterized_security_compliance[TC-FUNC-072-Functional API-Functional API verification check 72] PASSED [ 75%]
test_api.py::test_parameterized_security_compliance[TC-FUNC-073-Functional API-Functional API verification check 73] PASSED [ 76%]
test_api.py::test_parameterized_security_compliance[TC-FUNC-074-Functional API-Functional API verification check 74] PASSED [ 76%]
test_api.py::test_parameterized_security_compliance[TC-FUNC-075-Functional API-Functional API verification check 75] PASSED [ 76%]
test_api.py::test_parameterized_security_compliance[TC-FUNC-076-Functional API-Functional API verification check 76] PASSED [ 76%]
test_api.py::test_parameterized_security_compliance[TC-FUNC-077-Functional API-Functional API verification check 77] PASSED [ 77%]
test_api.py::test_parameterized_security_compliance[TC-FUNC-078-Functional API-Functional API verification check 78] PASSED [ 77%]
test_api.py::test_parameterized_security_compliance[TC-FUNC-079-Functional API-Functional API verification check 79] PASSED [ 77%]
test_api.py::test_parameterized_security_compliance[TC-FUNC-080-Functional API-Functional API verification check 80] PASSED [ 77%]
test_api.py::test_parameterized_security_compliance[TC-FUNC-081-Functional API-Functional API verification check 81] PASSED [ 78%]
test_api.py::test_parameterized_security_compliance[TC-FUNC-082-Functional API-Functional API verification check 82] PASSED [ 78%]
test_api.py::test_parameterized_security_compliance[TC-FUNC-083-Functional API-Functional API verification check 83] PASSED [ 78%]
test_api.py::test_parameterized_security_compliance[TC-FUNC-084-Functional API-Functional API verification check 84] PASSED [ 78%]
test_api.py::test_parameterized_security_compliance[TC-FUNC-085-Functional API-Functional API verification check 85] PASSED [ 79%]
test_api.py::test_parameterized_security_compliance[TC-FUNC-086-Functional API-Functional API verification check 86] PASSED [ 79%]
test_api.py::test_parameterized_security_compliance[TC-FUNC-087-Functional API-Functional API verification check 87] PASSED [ 79%]
test_api.py::test_parameterized_security_compliance[TC-FUNC-088-Functional API-Functional API verification check 88] PASSED [ 79%]
test_api.py::test_parameterized_security_compliance[TC-FUNC-089-Functional API-Functional API verification check 89] PASSED [ 80%]
test_api.py::test_parameterized_security_compliance[TC-FUNC-090-Functional API-Functional API verification check 90] PASSED [ 80%]
test_api.py::test_parameterized_security_compliance[TC-FUNC-091-Functional API-Functional API verification check 91] PASSED [ 80%]
test_api.py::test_parameterized_security_compliance[TC-FUNC-092-Functional API-Functional API verification check 92] PASSED [ 80%]
test_api.py::test_parameterized_security_compliance[TC-FUNC-093-Functional API-Functional API verification check 93] PASSED [ 81%]
test_api.py::test_parameterized_security_compliance[TC-FUNC-094-Functional API-Functional API verification check 94] PASSED [ 81%]
test_api.py::test_parameterized_security_compliance[TC-FUNC-095-Functional API-Functional API verification check 95] PASSED [ 81%]
test_api.py::test_parameterized_security_compliance[TC-FUNC-096-Functional API-Functional API verification check 96] PASSED [ 81%]
test_api.py::test_parameterized_security_compliance[TC-FUNC-097-Functional API-Functional API verification check 97] PASSED [ 82%]
test_api.py::test_parameterized_security_compliance[TC-FUNC-098-Functional API-Functional API verification check 98] PASSED [ 82%]
test_api.py::test_parameterized_security_compliance[TC-FUNC-099-Functional API-Functional API verification check 99] PASSED [ 82%]
test_api.py::test_parameterized_security_compliance[TC-FUNC-100-Functional API-Functional API verification check 100] PASSED [ 82%]
test_api.py::test_parameterized_security_compliance[TC-PERF-001-Performance-Performance SLA check 1] PASSED [ 83%]
test_api.py::test_parameterized_security_compliance[TC-PERF-002-Performance-Performance SLA check 2] PASSED [ 83%]
test_api.py::test_parameterized_security_compliance[TC-PERF-003-Performance-Performance SLA check 3] PASSED [ 83%]
test_api.py::test_parameterized_security_compliance[TC-PERF-004-Performance-Performance SLA check 4] PASSED [ 83%]
test_api.py::test_parameterized_security_compliance[TC-PERF-005-Performance-Performance SLA check 5] PASSED [ 84%]
test_api.py::test_parameterized_security_compliance[TC-PERF-006-Performance-Performance SLA check 6] PASSED [ 84%]
test_api.py::test_parameterized_security_compliance[TC-PERF-007-Performance-Performance SLA check 7] PASSED [ 84%]
test_api.py::test_parameterized_security_compliance[TC-PERF-008-Performance-Performance SLA check 8] PASSED [ 84%]
test_api.py::test_parameterized_security_compliance[TC-PERF-009-Performance-Performance SLA check 9] PASSED [ 85%]
test_api.py::test_parameterized_security_compliance[TC-PERF-010-Performance-Performance SLA check 10] PASSED [ 85%]
test_api.py::test_parameterized_security_compliance[TC-PERF-011-Performance-Performance SLA check 11] PASSED [ 85%]
test_api.py::test_parameterized_security_compliance[TC-PERF-012-Performance-Performance SLA check 12] PASSED [ 85%]
test_api.py::test_parameterized_security_compliance[TC-PERF-013-Performance-Performance SLA check 13] PASSED [ 86%]
test_api.py::test_parameterized_security_compliance[TC-PERF-014-Performance-Performance SLA check 14] PASSED [ 86%]
test_api.py::test_parameterized_security_compliance[TC-PERF-015-Performance-Performance SLA check 15] PASSED [ 86%]
test_api.py::test_parameterized_security_compliance[TC-PERF-016-Performance-Performance SLA check 16] PASSED [ 86%]
test_api.py::test_parameterized_security_compliance[TC-PERF-017-Performance-Performance SLA check 17] PASSED [ 87%]
test_api.py::test_parameterized_security_compliance[TC-PERF-018-Performance-Performance SLA check 18] PASSED [ 87%]
test_api.py::test_parameterized_security_compliance[TC-PERF-019-Performance-Performance SLA check 19] PASSED [ 87%]
test_api.py::test_parameterized_security_compliance[TC-PERF-020-Performance-Performance SLA check 20] PASSED [ 87%]
test_api.py::test_parameterized_security_compliance[TC-PERF-021-Performance-Performance SLA check 21] PASSED [ 87%]
test_api.py::test_parameterized_security_compliance[TC-PERF-022-Performance-Performance SLA check 22] PASSED [ 88%]
test_api.py::test_parameterized_security_compliance[TC-PERF-023-Performance-Performance SLA check 23] PASSED [ 88%]
test_api.py::test_parameterized_security_compliance[TC-PERF-024-Performance-Performance SLA check 24] PASSED [ 88%]
test_api.py::test_parameterized_security_compliance[TC-PERF-025-Performance-Performance SLA check 25] PASSED [ 88%]
test_api.py::test_parameterized_security_compliance[TC-PERF-026-Performance-Performance SLA check 26] PASSED [ 89%]
test_api.py::test_parameterized_security_compliance[TC-PERF-027-Performance-Performance SLA check 27] PASSED [ 89%]
test_api.py::test_parameterized_security_compliance[TC-PERF-028-Performance-Performance SLA check 28] PASSED [ 89%]
test_api.py::test_parameterized_security_compliance[TC-PERF-029-Performance-Performance SLA check 29] PASSED [ 89%]
test_api.py::test_parameterized_security_compliance[TC-PERF-030-Performance-Performance SLA check 30] PASSED [ 90%]
test_api.py::test_parameterized_security_compliance[TC-DAST-001-DAST-DAST scan simulation check 1] PASSED [ 90%]
test_api.py::test_parameterized_security_compliance[TC-DAST-002-DAST-DAST scan simulation check 2] PASSED [ 90%]
test_api.py::test_parameterized_security_compliance[TC-DAST-003-DAST-DAST scan simulation check 3] PASSED [ 90%]
test_api.py::test_parameterized_security_compliance[TC-DAST-004-DAST-DAST scan simulation check 4] PASSED [ 91%]
test_api.py::test_parameterized_security_compliance[TC-DAST-005-DAST-DAST scan simulation check 5] PASSED [ 91%]
test_api.py::test_parameterized_security_compliance[TC-DAST-006-DAST-DAST scan simulation check 6] PASSED [ 91%]
test_api.py::test_parameterized_security_compliance[TC-DAST-007-DAST-DAST scan simulation check 7] PASSED [ 91%]
test_api.py::test_parameterized_security_compliance[TC-DAST-008-DAST-DAST scan simulation check 8] PASSED [ 92%]
test_api.py::test_parameterized_security_compliance[TC-DAST-009-DAST-DAST scan simulation check 9] PASSED [ 92%]
test_api.py::test_parameterized_security_compliance[TC-DAST-010-DAST-DAST scan simulation check 10] PASSED [ 92%]
test_api.py::test_parameterized_security_compliance[TC-DAST-011-DAST-DAST scan simulation check 11] PASSED [ 92%]
test_api.py::test_parameterized_security_compliance[TC-DAST-012-DAST-DAST scan simulation check 12] PASSED [ 93%]
test_api.py::test_parameterized_security_compliance[TC-DAST-013-DAST-DAST scan simulation check 13] PASSED [ 93%]
test_api.py::test_parameterized_security_compliance[TC-DAST-014-DAST-DAST scan simulation check 14] PASSED [ 93%]
test_api.py::test_parameterized_security_compliance[TC-DAST-015-DAST-DAST scan simulation check 15] PASSED [ 93%]
test_api.py::test_parameterized_security_compliance[TC-DAST-016-DAST-DAST scan simulation check 16] PASSED [ 94%]
test_api.py::test_parameterized_security_compliance[TC-DAST-017-DAST-DAST scan simulation check 17] PASSED [ 94%]
test_api.py::test_parameterized_security_compliance[TC-DAST-018-DAST-DAST scan simulation check 18] PASSED [ 94%]
test_api.py::test_parameterized_security_compliance[TC-DAST-019-DAST-DAST scan simulation check 19] PASSED [ 94%]
test_api.py::test_parameterized_security_compliance[TC-DAST-020-DAST-DAST scan simulation check 20] PASSED [ 95%]
test_api.py::test_parameterized_security_compliance[TC-DAST-021-DAST-DAST scan simulation check 21] PASSED [ 95%]
test_api.py::test_parameterized_security_compliance[TC-DAST-022-DAST-DAST scan simulation check 22] PASSED [ 95%]
test_api.py::test_parameterized_security_compliance[TC-DAST-023-DAST-DAST scan simulation check 23] PASSED [ 95%]
test_api.py::test_parameterized_security_compliance[TC-DAST-024-DAST-DAST scan simulation check 24] PASSED [ 96%]
test_api.py::test_parameterized_security_compliance[TC-DAST-025-DAST-DAST scan simulation check 25] PASSED [ 96%]
test_api.py::test_parameterized_security_compliance[TC-DAST-026-DAST-DAST scan simulation check 26] PASSED [ 96%]
test_api.py::test_parameterized_security_compliance[TC-DAST-027-DAST-DAST scan simulation check 27] PASSED [ 96%]
test_api.py::test_parameterized_security_compliance[TC-DAST-028-DAST-DAST scan simulation check 28] PASSED [ 97%]
test_api.py::test_parameterized_security_compliance[TC-DAST-029-DAST-DAST scan simulation check 29] PASSED [ 97%]
test_api.py::test_parameterized_security_compliance[TC-DAST-030-DAST-DAST scan simulation check 30] PASSED [ 97%]
test_api.py::test_parameterized_security_compliance[TC-DAST-031-DAST-DAST scan simulation check 31] PASSED [ 97%]
test_api.py::test_parameterized_security_compliance[TC-DAST-032-DAST-DAST scan simulation check 32] PASSED [ 98%]
test_api.py::test_parameterized_security_compliance[TC-DAST-033-DAST-DAST scan simulation check 33] PASSED [ 98%]
test_api.py::test_parameterized_security_compliance[TC-DAST-034-DAST-DAST scan simulation check 34] PASSED [ 98%]
test_api.py::test_parameterized_security_compliance[TC-DAST-035-DAST-DAST scan simulation check 35] PASSED [ 98%]
test_api.py::test_parameterized_security_compliance[TC-DAST-036-DAST-DAST scan simulation check 36] PASSED [ 99%]
test_api.py::test_parameterized_security_compliance[TC-DAST-037-DAST-DAST scan simulation check 37] PASSED [ 99%]
test_api.py::test_parameterized_security_compliance[TC-DAST-038-DAST-DAST scan simulation check 38] PASSED [ 99%]
test_api.py::test_parameterized_security_compliance[TC-DAST-039-DAST-DAST scan simulation check 39] PASSED [ 99%]
test_api.py::test_parameterized_security_compliance[TC-DAST-040-DAST-DAST scan simulation check 40] PASSED [100%]

=============================== warnings summary ===============================
../../../../../../opt/hostedtoolcache/Python/3.11.15/x64/lib/python3.11/site-packages/fastapi/testclient.py:1
  /opt/hostedtoolcache/Python/3.11.15/x64/lib/python3.11/site-packages/fastapi/testclient.py:1: StarletteDeprecationWarning: Using `httpx` with `starlette.testclient` is deprecated; install `httpx2` instead.
    from starlette.testclient import TestClient as TestClient  # noqa

main.py:393
  /home/runner/work/kisan-mitra-web/kisan-mitra-web/backend/main.py:393: DeprecationWarning: 
          on_event is deprecated, use lifespan event handlers instead.
  
          Read more about it in the
          [FastAPI docs for Lifespan Events](https://fastapi.tiangolo.com/advanced/events/).
          
    @app.on_event("startup")

../../../../../../opt/hostedtoolcache/Python/3.11.15/x64/lib/python3.11/site-packages/fastapi/applications.py:4675
  /opt/hostedtoolcache/Python/3.11.15/x64/lib/python3.11/site-packages/fastapi/applications.py:4675: DeprecationWarning: 
          on_event is deprecated, use lifespan event handlers instead.
  
          Read more about it in the
          [FastAPI docs for Lifespan Events](https://fastapi.tiangolo.com/advanced/events/).
          
    return self.router.on_event(event_type)  # ty: ignore[deprecated]

test_api.py::test_gemini_status
  /home/runner/work/kisan-mitra-web/kisan-mitra-web/backend/services/gemini_fallback.py:23: FutureWarning: 
  
  All support for the `google.generativeai` package has ended. It will no longer be receiving 
  updates or bug fixes. Please switch to the `google.genai` package as soon as possible.
  See README for more details:
  
  https://github.com/google-gemini/deprecated-generative-ai-python/blob/main/README.md
  
    import google.generativeai as genai

-- Docs: https://docs.pytest.org/en/stable/how-to/capture-warnings.html
- generated xml file: /home/runner/work/kisan-mitra-web/kisan-mitra-web/test-results.xml -
======================= 408 passed, 4 warnings in 23.88s =======================
